Flow report for soc_system
Thu Dec 12 14:18:40 2024
Quartus Prime Version 22.1std.1 Build 917 02/14/2023 SC Lite Edition


---------------------
; Table of Contents ;
---------------------
  1. Legal Notice
  2. Flow Summary
  3. Flow Settings
  4. Flow Non-Default Global Settings
  5. Flow Elapsed Time
  6. Flow OS Summary
  7. Flow Log
  8. Flow Messages
  9. Flow Suppressed Messages



----------------
; Legal Notice ;
----------------
Copyright (C) 2023  Intel Corporation. All rights reserved.
Your use of Intel Corporation's design tools, logic functions 
and other software and tools, and any partner logic 
functions, and any output files from any of the foregoing 
(including device programming or simulation files), and any 
associated documentation or information are expressly subject 
to the terms and conditions of the Intel Program License 
Subscription Agreement, the Intel Quartus Prime License Agreement,
the Intel FPGA IP License Agreement, or other applicable license
agreement, including, without limitation, that your use is for
the sole purpose of programming logic devices manufactured by
Intel and sold by Intel or its authorized distributors.  Please
refer to the applicable agreement for further details, at
https://fpgasoftware.intel.com/eula.



+----------------------------------------------------------------------------------+
; Flow Summary                                                                     ;
+---------------------------------+------------------------------------------------+
; Flow Status                     ; Successful - Thu Dec 12 14:17:52 2024          ;
; Quartus Prime Version           ; 22.1std.1 Build 917 02/14/2023 SC Lite Edition ;
; Revision Name                   ; soc_system                                     ;
; Top-level Entity Name           ; Sobel_Filter                                   ;
; Family                          ; Cyclone V                                      ;
; Device                          ; 5CSEMA5F31C6                                   ;
; Timing Models                   ; Final                                          ;
; Logic utilization (in ALMs)     ; 1,758 / 32,070 ( 5 % )                         ;
; Total registers                 ; 2853                                           ;
; Total pins                      ; 124 / 457 ( 27 % )                             ;
; Total virtual pins              ; 0                                              ;
; Total block memory bits         ; 1,536 / 4,065,280 ( < 1 % )                    ;
; Total DSP Blocks                ; 15 / 87 ( 17 % )                               ;
; Total HSSI RX PCSs              ; 0                                              ;
; Total HSSI PMA RX Deserializers ; 0                                              ;
; Total HSSI TX PCSs              ; 0                                              ;
; Total HSSI PMA TX Serializers   ; 0                                              ;
; Total PLLs                      ; 0 / 6 ( 0 % )                                  ;
; Total DLLs                      ; 1 / 4 ( 25 % )                                 ;
+---------------------------------+------------------------------------------------+


+-----------------------------------------+
; Flow Settings                           ;
+-------------------+---------------------+
; Option            ; Setting             ;
+-------------------+---------------------+
; Start date & time ; 12/12/2024 14:06:26 ;
; Main task         ; Compilation         ;
; Revision Name     ; soc_system          ;
+-------------------+---------------------+


+------------------------------------------------------------------------------------------------------------------------------------------------------------+
; Flow Non-Default Global Settings                                                                                                                           ;
+---------------------------------------+------------------------------------------------------------------+---------------+--------------+------------------+
; Assignment Name                       ; Value                                                            ; Default Value ; Entity Name  ; Section Id       ;
+---------------------------------------+------------------------------------------------------------------+---------------+--------------+------------------+
; COMPILER_SIGNATURE_ID                 ; 132693157002704.173403398242764                                  ; --            ; --           ; --               ;
; ECO_REGENERATE_REPORT                 ; On                                                               ; Off           ; --           ; --               ;
; ENABLE_SIGNALTAP                      ; On                                                               ; --            ; --           ; --               ;
; MAX_CORE_JUNCTION_TEMP                ; 85                                                               ; --            ; --           ; --               ;
; MIN_CORE_JUNCTION_TEMP                ; 0                                                                ; --            ; --           ; --               ;
; MISC_FILE                             ; ip/altsource_probe/hps_reset_bb.v                                ; --            ; --           ; --               ;
; PARTITION_COLOR                       ; -- (Not supported for targeted family)                           ; --            ; Sobel_Filter ; Top              ;
; PARTITION_FITTER_PRESERVATION_LEVEL   ; -- (Not supported for targeted family)                           ; --            ; Sobel_Filter ; Top              ;
; PARTITION_NETLIST_TYPE                ; -- (Not supported for targeted family)                           ; --            ; Sobel_Filter ; Top              ;
; POWER_BOARD_THERMAL_MODEL             ; None (CONSERVATIVE)                                              ; --            ; --           ; --               ;
; POWER_PRESET_COOLING_SOLUTION         ; 23 MM HEAT SINK WITH 200 LFPM AIRFLOW                            ; --            ; --           ; --               ;
; PROJECT_OUTPUT_DIRECTORY              ; output_files                                                     ; --            ; --           ; --               ;
; SLD_FILE                              ; db/stp2_auto_stripped.stp                                        ; --            ; --           ; --               ;
; SLD_NODE_CREATOR_ID                   ; 110                                                              ; --            ; --           ; auto_signaltap_0 ;
; SLD_NODE_ENTITY_NAME                  ; sld_signaltap                                                    ; --            ; --           ; auto_signaltap_0 ;
; SLD_NODE_PARAMETER_ASSIGNMENT         ; SLD_RAM_BLOCK_TYPE=AUTO                                          ; --            ; --           ; auto_signaltap_0 ;
; SLD_NODE_PARAMETER_ASSIGNMENT         ; SLD_DATA_BITS=8                                                  ; --            ; --           ; auto_signaltap_0 ;
; SLD_NODE_PARAMETER_ASSIGNMENT         ; SLD_TRIGGER_BITS=8                                               ; --            ; --           ; auto_signaltap_0 ;
; SLD_NODE_PARAMETER_ASSIGNMENT         ; SLD_STORAGE_QUALIFIER_BITS=8                                     ; --            ; --           ; auto_signaltap_0 ;
; SLD_NODE_PARAMETER_ASSIGNMENT         ; SLD_NODE_INFO=805334528                                          ; --            ; --           ; auto_signaltap_0 ;
; SLD_NODE_PARAMETER_ASSIGNMENT         ; SLD_POWER_UP_TRIGGER=0                                           ; --            ; --           ; auto_signaltap_0 ;
; SLD_NODE_PARAMETER_ASSIGNMENT         ; SLD_INVERSION_MASK=000000000000000000000000000000000000000000000 ; --            ; --           ; auto_signaltap_0 ;
; SLD_NODE_PARAMETER_ASSIGNMENT         ; SLD_INVERSION_MASK_LENGTH=45                                     ; --            ; --           ; auto_signaltap_0 ;
; SLD_NODE_PARAMETER_ASSIGNMENT         ; SLD_STORAGE_QUALIFIER_INVERSION_MASK_LENGTH=0                    ; --            ; --           ; auto_signaltap_0 ;
; SLD_NODE_PARAMETER_ASSIGNMENT         ; SLD_SEGMENT_SIZE=128                                             ; --            ; --           ; auto_signaltap_0 ;
; SLD_NODE_PARAMETER_ASSIGNMENT         ; SLD_ATTRIBUTE_MEM_MODE=OFF                                       ; --            ; --           ; auto_signaltap_0 ;
; SLD_NODE_PARAMETER_ASSIGNMENT         ; SLD_STATE_FLOW_USE_GENERATED=0                                   ; --            ; --           ; auto_signaltap_0 ;
; SLD_NODE_PARAMETER_ASSIGNMENT         ; SLD_STATE_BITS=11                                                ; --            ; --           ; auto_signaltap_0 ;
; SLD_NODE_PARAMETER_ASSIGNMENT         ; SLD_BUFFER_FULL_STOP=1                                           ; --            ; --           ; auto_signaltap_0 ;
; SLD_NODE_PARAMETER_ASSIGNMENT         ; SLD_CURRENT_RESOURCE_WIDTH=1                                     ; --            ; --           ; auto_signaltap_0 ;
; SLD_NODE_PARAMETER_ASSIGNMENT         ; SLD_INCREMENTAL_ROUTING=1                                        ; --            ; --           ; auto_signaltap_0 ;
; SLD_NODE_PARAMETER_ASSIGNMENT         ; SLD_TRIGGER_LEVEL=1                                              ; --            ; --           ; auto_signaltap_0 ;
; SLD_NODE_PARAMETER_ASSIGNMENT         ; SLD_SAMPLE_DEPTH=128                                             ; --            ; --           ; auto_signaltap_0 ;
; SLD_NODE_PARAMETER_ASSIGNMENT         ; SLD_TRIGGER_IN_ENABLED=0                                         ; --            ; --           ; auto_signaltap_0 ;
; SLD_NODE_PARAMETER_ASSIGNMENT         ; SLD_TRIGGER_PIPELINE=0                                           ; --            ; --           ; auto_signaltap_0 ;
; SLD_NODE_PARAMETER_ASSIGNMENT         ; SLD_RAM_PIPELINE=0                                               ; --            ; --           ; auto_signaltap_0 ;
; SLD_NODE_PARAMETER_ASSIGNMENT         ; SLD_COUNTER_PIPELINE=0                                           ; --            ; --           ; auto_signaltap_0 ;
; SLD_NODE_PARAMETER_ASSIGNMENT         ; SLD_ADVANCED_TRIGGER_ENTITY=basic,1,                             ; --            ; --           ; auto_signaltap_0 ;
; SLD_NODE_PARAMETER_ASSIGNMENT         ; SLD_TRIGGER_LEVEL_PIPELINE=1                                     ; --            ; --           ; auto_signaltap_0 ;
; SLD_NODE_PARAMETER_ASSIGNMENT         ; SLD_ENABLE_ADVANCED_TRIGGER=0                                    ; --            ; --           ; auto_signaltap_0 ;
; TOP_LEVEL_ENTITY                      ; Sobel_Filter                                                     ; soc_system    ; --           ; --               ;
; USE_DLL_FREQUENCY_FOR_DQS_DELAY_CHAIN ; On                                                               ; Off           ; --           ; --               ;
; USE_SIGNALTAP_FILE                    ; output_files/stp2.stp                                            ; --            ; --           ; --               ;
+---------------------------------------+------------------------------------------------------------------+---------------+--------------+------------------+


+--------------------------------------------------------------------------------------------------------------------------+
; Flow Elapsed Time                                                                                                        ;
+----------------------+--------------+-------------------------+---------------------+------------------------------------+
; Module Name          ; Elapsed Time ; Average Processors Used ; Peak Virtual Memory ; Total CPU Time (on all processors) ;
+----------------------+--------------+-------------------------+---------------------+------------------------------------+
; Analysis & Synthesis ; 00:03:10     ; 1.0                     ; 5323 MB             ; 00:04:50                           ;
; Fitter               ; 00:07:42     ; 1.1                     ; 8007 MB             ; 00:30:15                           ;
; Assembler            ; 00:00:17     ; 1.0                     ; 5312 MB             ; 00:00:13                           ;
; Timing Analyzer      ; 00:00:45     ; 1.4                     ; 5835 MB             ; 00:00:58                           ;
; Total                ; 00:11:54     ; --                      ; --                  ; 00:36:16                           ;
+----------------------+--------------+-------------------------+---------------------+------------------------------------+


+------------------------------------------------------------------------------------+
; Flow OS Summary                                                                    ;
+----------------------+------------------+------------+------------+----------------+
; Module Name          ; Machine Hostname ; OS Name    ; OS Version ; Processor type ;
+----------------------+------------------+------------+------------+----------------+
; Analysis & Synthesis ; SAUMYA           ; Windows 10 ; 10.0       ; x86_64         ;
; Fitter               ; SAUMYA           ; Windows 10 ; 10.0       ; x86_64         ;
; Assembler            ; SAUMYA           ; Windows 10 ; 10.0       ; x86_64         ;
; Timing Analyzer      ; SAUMYA           ; Windows 10 ; 10.0       ; x86_64         ;
+----------------------+------------------+------------+------------+----------------+


------------
; Flow Log ;
------------
quartus_map --read_settings_files=on --write_settings_files=off soc_system -c soc_system
quartus_fit --read_settings_files=off --write_settings_files=off soc_system -c soc_system
quartus_asm --read_settings_files=off --write_settings_files=off soc_system -c soc_system
quartus_sta soc_system -c soc_system



